[debug] [2023-10-29T09:07:49.293Z] ----------------------------------------------------------------------
[debug] [2023-10-29T09:07:49.296Z] Command:       C:\Program Files\nodejs\node.exe C:\Users\goyal\AppData\Roaming\npm\node_modules\firebase-tools\lib\bin\firebase.js init
[debug] [2023-10-29T09:07:49.296Z] CLI Version:   12.7.0
[debug] [2023-10-29T09:07:49.296Z] Platform:      win32
[debug] [2023-10-29T09:07:49.296Z] Node Version:  v20.7.0
[debug] [2023-10-29T09:07:49.296Z] Time:          Sun Oct 29 2023 14:37:49 GMT+0530 (India Standard Time)
[debug] [2023-10-29T09:07:49.296Z] ----------------------------------------------------------------------
[debug] 
[debug] [2023-10-29T09:07:49.301Z] > command requires scopes: ["email","openid","https://www.googleapis.com/auth/cloudplatformprojects.readonly","https://www.googleapis.com/auth/firebase","https://www.googleapis.com/auth/cloud-platform"]
[debug] [2023-10-29T09:07:49.301Z] > authorizing via signed-in user (goyal.krish0522@gmail.com)
[info] 
     ######## #### ########  ######## ########     ###     ######  ########
     ##        ##  ##     ## ##       ##     ##  ##   ##  ##       ##
     ######    ##  ########  ######   ########  #########  ######  ######
     ##        ##  ##    ##  ##       ##     ## ##     ##       ## ##
     ##       #### ##     ## ######## ########  ##     ##  ######  ########

You're about to initialize a Firebase project in this directory:

  D:\Resume-Project\Krishnaa-tech.github.io

[info] 
=== Project Setup
[info] 
[info] First, let's associate this project directory with a Firebase project.
[info] You can create multiple project aliases by running firebase use --add, 
[info] but for now we'll just set up a default project.
[info] 
[debug] [2023-10-29T09:07:58.142Z] >>> [apiv2][query] GET https://firebase.googleapis.com/v1beta1/projects pageSize=100
[debug] [2023-10-29T09:07:59.719Z] <<< [apiv2][status] GET https://firebase.googleapis.com/v1beta1/projects 200
[debug] [2023-10-29T09:07:59.719Z] <<< [apiv2][body] GET https://firebase.googleapis.com/v1beta1/projects [omitted]
[info] i  Using project krishnaa-tech (Krishnaa-tech) 
[info] 
=== Hosting Setup
[info] 
[info] Your public directory is the folder (relative to your project directory) that
[info] will contain Hosting assets to be uploaded with firebase deploy. If you
[info] have a build process for your assets, use your build's output directory.
[info] 
